   116.8ms (setup:1108): 2025-07-29 21:06:18
   116.8ms (setup:1109): /opt/homebrew/bin/pipx install fastapi
   116.9ms (setup:1110): pipx version is 1.7.1
   116.9ms (setup:1111): Default python interpreter is '/opt/homebrew/opt/python@3.13/libexec/bin/python'
   116.9ms (mkdir:76): creating directory /Users/oriolcabre/.local/pipx/venvs
   117.0ms (mkdir:76): creating directory /Users/oriolcabre/.local/bin
   117.1ms (mkdir:76): creating directory /Users/oriolcabre/.local/share/man
   117.1ms (mkdir:76): creating directory /Users/oriolcabre/.local/pipx/.cache
   117.2ms (mkdir:76): creating directory /Users/oriolcabre/.local/pipx/py
   117.2ms (setup:1125): Adding CACHEDIR.TAG to cache directory
   117.3ms (setup:1125): Adding CACHEDIR.TAG to cache directory
   117.8ms (package_name_from_spec:378): Determined package name: fastapi
   117.8ms (package_name_from_spec:379): Package name determined in 0.0s
   117.9ms (create_venv:164): Creating virtual environment
   118.0ms (run_subprocess:175): running /opt/homebrew/opt/python@3.13/libexec/bin/python -m venv --without-pip /Users/oriolcabre/.local/pipx/venvs/fastapi
   154.5ms (run_subprocess:195): stdout:
   154.6ms (run_subprocess:197): stderr:
   154.7ms (run_subprocess:198): returncode: 0
   155.2ms (run_subprocess:175): running /opt/homebrew/opt/python@3.13/libexec/bin/python -m venv --clear /Users/oriolcabre/.local/pipx/shared
  1515.3ms (run_subprocess:195): stdout:
  1515.4ms (run_subprocess:197): stderr:
  1515.4ms (run_subprocess:198): returncode: 0
  1515.8ms (run_subprocess:175): running <checking pip's availability>
  1535.6ms (run_subprocess:195): stdout: ModuleSpec(name='pip', loader=<_frozen_importlib_external.SourceFileLoader object at 0x10322e5d0>, origin='/Users/oriolcabre/.local/pipx/shared/lib/python3.13/site-packages/pip/__init__.py', submodule_search_locations=['/Users/oriolcabre/.local/pipx/shared/lib/python3.13/site-packages/pip'])
  1535.7ms (run_subprocess:198): returncode: 0
  1535.9ms (upgrade:119): Upgrading shared libraries in /Users/oriolcabre/.local/pipx/shared
  1536.2ms (run_subprocess:175): running /Users/oriolcabre/.local/pipx/shared/bin/python -m pip --no-input --disable-pip-version-check install --force-reinstall -q --upgrade pip >= 23.1
  2921.8ms (run_subprocess:195): stdout:
  2921.9ms (run_subprocess:197): stderr:
  2921.9ms (run_subprocess:198): returncode: 0
  2922.3ms (run_subprocess:175): running /Users/oriolcabre/.local/pipx/venvs/fastapi/bin/python -c import sysconfig; print(sysconfig.get_path('purelib'))
  2956.6ms (run_subprocess:195): stdout: /Users/oriolcabre/.local/pipx/venvs/fastapi/lib/python3.13/site-packages
  2956.7ms (run_subprocess:198): returncode: 0
  2956.9ms (run_subprocess:175): running /Users/oriolcabre/.local/pipx/shared/bin/python -c import sysconfig; print(sysconfig.get_path('purelib'))
  2979.2ms (run_subprocess:195): stdout: /Users/oriolcabre/.local/pipx/shared/lib/python3.13/site-packages
  2979.4ms (run_subprocess:198): returncode: 0
  2979.9ms (run_subprocess:175): running /Users/oriolcabre/.local/pipx/venvs/fastapi/bin/python --version
  2988.4ms (run_subprocess:195): stdout: Python 3.13.5
  2988.5ms (run_subprocess:197): stderr:
  2988.5ms (run_subprocess:198): returncode: 0
  2988.8ms (_parsed_package_to_package_or_url:139): cleaned package spec: fastapi
  2988.8ms (install_package:247): Installing fastapi
  2989.0ms (run_subprocess:175): running /Users/oriolcabre/.local/pipx/venvs/fastapi/bin/python -m pip --no-input install fastapi
  4508.5ms (run_subprocess:198): returncode: 0
  4509.0ms (run_subprocess:175): running <fetch_info_in_venv commands>
  4531.8ms (run_subprocess:195): stdout: {"sys_path": ["/opt/homebrew/Cellar/python@3.13/3.13.5/Frameworks/Python.framework/Versions/3.13/lib/python313.zip", "/opt/homebrew/Cellar/python@3.13/3.13.5/Frameworks/Python.framework/Versions/3.13/lib/python3.13", "/opt/homebrew/Cellar/python@3.13/3.13.5/Frameworks/Python.framework/Versions/3.13/lib/python3.13/lib-dynload", "/Users/oriolcabre/.local/pipx/venvs/fastapi/lib/python3.13/site-packages", "/Users/oriolcabre/.local/pipx/shared/lib/python3.13/site-packages"], "python_version": "3.13.5", "environment": {"implementation_name": "cpython", "implementation_version": "3.13.5", "os_name": "posix", "platform_machine": "arm64", "platform_release": "24.5.0", "platform_system": "Darwin", "platform_version": "Darwin Kernel Version 24.5.0: Tue Apr 22 19:48:46 PDT 2025; root:xnu-11417.121.6~2/RELEASE_ARM64_T8103", "python_full_version": "3.13.5", "platform_python_implementation": "CPython", "python_version": "3.13", "sys_platform": "darwin"}}
  4532.0ms (run_subprocess:198): returncode: 0
  4559.0ms (get_venv_metadata_for_package:351): get_venv_metadata_for_package: 50ms
  4559.1ms (_parsed_package_to_package_or_url:139): cleaned package spec: fastapi
  4560.4ms (warn_if_not_on_path:474): ⚠️  Note: '/Users/oriolcabre/.local/bin' is not on your PATH environment
    variable. These apps will not be globally accessible until your PATH is
    updated. Run `pipx ensurepath` to automatically add it, or manually modify
    your PATH in your shell's config file (e.g. ~/.bashrc).
  4560.4ms (cli:1187): pipx finished.
