DEBUG Loaded flyctl config from/Users/oriolcabre/.fly/config.yml
DEBUG determined hostname: "iMac-de-Oriol-2.local"
DEBUG determined working directory: "/Users/oriolcabre/Downloads/viral-daily2"
DEBUG determined config directory: "/Users/oriolcabre/.fly"
DEBUG ensured config directory exists.
DEBUG ensured config directory perms.
DEBUG cache loaded.
DEBUG config initialized.
DEBUG skipped querying for new release
DEBUG checking for updates...
DEBUG started querying for statuspage incidents
DEBUG client initialized.
DEBUG app config loaded from /Users/oriolcabre/Downloads/viral-daily2/fly.toml
DEBUG started querying for host issues
DEBUG --> POST https://api.fly.io/graphql

DEBUG --> POST https://api.fly.io/graphql

DEBUG {
  "query": "query($admin: Boolean!) { organizations(admin: $admin) { nodes { id slug rawSlug name type paidPlan billable viewerRole internalNumericId } } }",
  "variables": {
    "admin": false
  }
}


DEBUG {}
DEBUG {
  "query": "query($appName: String!) { apphostissues:app(name: $appName) { hostIssues { nodes { internalId message createdAt updatedAt } } } }",
  "variables": {
    "appName": "viral-daily-oriol-2025"
  }
}


DEBUG {}
DEBUG <-- 200 https://api.fly.io/graphql (240.53ms)

DEBUG <-- 200 https://api.fly.io/graphql (240.54ms)

DEBUG {
  "data": {
    "apphostissues": null
  },
  "errors": [
    {
      "message": "Could not find App \"viral-daily-oriol-2025\"",
      "locations": [
        {
          "line": 1,
          "column": 28
        }
      ],
      "path": [
        "apphostissues"
      ],
      "extensions": {
        "code": "NOT_FOUND"
      }
    }
  ]
}

DEBUG {
  "data": {
    "organizations": {
      "nodes": [
        {
          "id": "YJAZL8pwnmAYbTlNOp6KxGDjAKhBLVb8K",
          "slug": "personal",
          "rawSlug": "oct-oct",
          "name": "Oct Oct",
          "type": "PERSONAL",
          "paidPlan": true,
          "billable": true,
          "viewerRole": "admin",
          "internalNumericId": "1213612"
        }
      ]
    }
  }
}

DEBUG failed querying for host issues: Could not find App "viral-daily-oriol-2025"
DEBUG app config loaded from /Users/oriolcabre/Downloads/viral-daily2/fly.toml
DEBUG Starting task manager
DEBUG monitoring tokens at /Users/oriolcabre/.fly/config.yml
DEBUG --> POST https://api.fly.io/graphql

DEBUG {
  "query": "query($admin: Boolean!) { organizations(admin: $admin) { nodes { id slug rawSlug name type paidPlan billable viewerRole internalNumericId } } }",
  "variables": {
    "admin": false
  }
}


DEBUG {}
DEBUG <-- 200 https://api.fly.io/graphql (244.86ms)

DEBUG {
  "data": {
    "organizations": {
      "nodes": [
        {
          "id": "YJAZL8pwnmAYbTlNOp6KxGDjAKhBLVb8K",
          "slug": "personal",
          "rawSlug": "oct-oct",
          "name": "Oct Oct",
          "type": "PERSONAL",
          "paidPlan": true,
          "billable": true,
          "viewerRole": "admin",
          "internalNumericId": "1213612"
        }
      ]
    }
  }
}

DEBUG --> POST https://api.fly.io/graphql

DEBUG {
  "query": "query { nearestRegion { code name gatewayAvailable } }",
  "variables": null
}


DEBUG {}
DEBUG <-- 200 https://api.fly.io/graphql (150.89ms)

DEBUG {
  "data": {
    "nearestRegion": {
      "code": "cdg",
      "name": "Paris, France",
      "gatewayAvailable": true
    }
  }
}

DEBUG --> POST https://api.fly.io/graphql

DEBUG {
  "query": "query ($appName: String!) { app(name: $appName) { id internalNumericId name hostname deployed status version appUrl platformVersion currentRelease { evaluationId status inProgress version } config { definition } organization { id slug paidPlan } services { description protocol internalPort ports { port handlers } } ipAddresses { nodes { id address type createdAt } } sharedIpAddress cnameTarget imageDetails { registry repository tag digest version } machines{ nodes { id name config state region createdAt app { name } ips { nodes { family kind ip maskSize } } host { id } } } postgresAppRole: role { name } limitedAccessTokens { nodes { id name expiresAt } } } }",
  "variables": {
    "appName": "viral-daily-oriol-2025-fresh"
  }
}


DEBUG {}
DEBUG <-- 200 https://api.fly.io/graphql (298.15ms)

DEBUG {
  "data": {
    "app": null
  },
  "errors": [
    {
      "message": "Could not find App \"viral-daily-oriol-2025-fresh\"",
      "locations": [
        {
          "line": 1,
          "column": 29
        }
      ],
      "path": [
        "app"
      ],
      "extensions": {
        "code": "NOT_FOUND"
      }
    }
  ]
}

DEBUG --> POST https://api.fly.io/graphql

DEBUG {
  "query": "query ($appName: String!) { appNameAvailable(name: $appName) }",
  "variables": {
    "appName": "viral-daily-oriol-2025-fresh"
  }
}


DEBUG {}
DEBUG <-- 200 https://api.fly.io/graphql (158.06ms)

DEBUG {
  "data": {
    "appNameAvailable": true
  }
}

DEBUG --> POST https://api.fly.io/graphql

DEBUG {
  "query": "query($slug: String!) { organization(slug: $slug) { id internalNumericId slug name type billable limitedAccessTokens { nodes { id name expiresAt user { email } } } remoteBuilderImage remoteBuilderApp { id name hostname deployed status version appUrl platformVersion currentRelease { evaluationId status inProgress version } ipAddresses { nodes { id address type createdAt } } organization { id slug paidPlan } imageDetails { registry repository tag digest version } machines{ nodes { id name config state region createdAt app { name } ips { nodes { family kind ip maskSize } } host { id } } } postgresAppRole: role { name } limitedAccessTokens { nodes { id name expiresAt } } } } }",
  "variables": {
    "slug": "personal"
  }
}


DEBUG {}
DEBUG <-- 200 https://api.fly.io/graphql (165.32ms)

DEBUG {
  "data": {
    "organization": {
      "id": "YJAZL8pwnmAYbTlNOp6KxGDjAKhBLVb8K",
      "internalNumericId": "1213612",
      "slug": "personal",
      "name": "Oct Oct",
      "type": "PERSONAL",
      "billable": true,
      "remoteBuilderImage": "docker-hub-mirror.fly.io/flyio/rchab:sha-8d37d90",
      "remoteBuilderApp": null,
      "limitedAccessTokens": {
        "nodes": []
      }
    }
  }
}

DEBUG --> POST https://api.fly.io/graphql

DEBUG {
  "query": "query($slug: String!) { organization(slug: $slug) { id internalNumericId slug rawSlug name type billable limitedAccessTokens { nodes { id name expiresAt revokedAt user { email } } } } }",
  "variables": {
    "slug": "personal"
  }
}


DEBUG {}
DEBUG <-- 200 https://api.fly.io/graphql (171.41ms)

DEBUG {
  "data": {
    "organization": {
      "id": "YJAZL8pwnmAYbTlNOp6KxGDjAKhBLVb8K",
      "internalNumericId": "1213612",
      "slug": "personal",
      "rawSlug": "oct-oct",
      "name": "Oct Oct",
      "type": "PERSONAL",
      "billable": true,
      "limitedAccessTokens": {
        "nodes": []
      }
    }
  }
}

DEBUG --> POST https://api.fly.io/graphql

DEBUG {
  "query": "query { platform { requestRegion regions { name code latitude longitude gatewayAvailable requiresPaidPlan } } }",
  "variables": null
}


DEBUG {}
DEBUG <-- 200 https://api.fly.io/graphql (176.11ms)

DEBUG {
  "data": {
    "platform": {
      "requestRegion": "cdg",
      "regions": [
        {
          "name": "Amsterdam, Netherlands",
          "code": "ams",
          "latitude": 52.374342,
          "longitude": 4.895439,
          "gatewayAvailable": true,
          "requiresPaidPlan": false
        },
        {
          "name": "Stockholm, Sweden",
          "code": "arn",
          "latitude": 59.6512,
          "longitude": 17.9178,
          "gatewayAvailable": true,
          "requiresPaidPlan": false
        },
        {
          "name": "Atlanta, Georgia (US)",
          "code": "atl",
          "latitude": 33.6407,
          "longitude": -84.4277,
          "gatewayAvailable": false,
          "requiresPaidPlan": false
        },
        {
          "name": "Bogotá, Colombia",
          "code": "bog",
          "latitude": 4.70159,
          "longitude": -74.1469,
          "gatewayAvailable": false,
          "requiresPaidPlan": false
        },
        {
          "name": "Mumbai, India",
          "code": "bom",
          "latitude": 19.097403,
          "longitude": 72.874245,
          "gatewayAvailable": true,
          "requiresPaidPlan": true
        },
        {
          "name": "Boston, Massachusetts (US)",
          "code": "bos",
          "latitude": 42.366978,
          "longitude": -71.022362,
          "gatewayAvailable": false,
          "requiresPaidPlan": false
        },
        {
          "name": "Paris, France",
          "code": "cdg",
          "latitude": 48.860875,
          "longitude": 2.353477,
          "gatewayAvailable": true,
          "requiresPaidPlan": false
        },
        {
          "name": "Denver, Colorado (US)",
          "code": "den",
          "latitude": 39.7392,
          "longitude": -104.9847,
          "gatewayAvailable": false,
          "requiresPaidPlan": false
        },
        {
          "name": "Dallas, Texas (US)",
          "code": "dfw",
          "latitude": 32.778287,
          "longitude": -96.7984,
          "gatewayAvailable": true,
          "requiresPaidPlan": false
        },
        {
          "name": "Secaucus, NJ (US)",
          "code": "ewr",
          "latitude": 40.789543,
          "longitude": -74.056534,
          "gatewayAvailable": true,
          "requiresPaidPlan": false
        },
        {
          "name": "Ezeiza, Argentina",
          "code": "eze",
          "latitude": -34.8222,
          "longitude": -58.5358,
          "gatewayAvailable": false,
          "requiresPaidPlan": false
        },
        {
          "name": "Frankfurt, Germany",
          "code": "fra",
          "latitude": 50.1167,
          "longitude": 8.6833,
          "gatewayAvailable": true,
          "requiresPaidPlan": false
        },
        {
          "name": "Guadalajara, Mexico",
          "code": "gdl",
          "latitude": 20.5217,
          "longitude": -103.3109,
          "gatewayAvailable": true,
          "requiresPaidPlan": false
        },
        {
          "name": "Rio de Janeiro, Brazil",
          "code": "gig",
          "latitude": -22.8099,
          "longitude": -43.2505,
          "gatewayAvailable": false,
          "requiresPaidPlan": false
        },
        {
          "name": "Sao Paulo, Brazil",
          "code": "gru",
          "latitude": -23.549664,
          "longitude": -46.654351,
          "gatewayAvailable": false,
          "requiresPaidPlan": false
        },
        {
          "name": "Hong Kong, Hong Kong",
          "code": "hkg",
          "latitude": 22.250971,
          "longitude": 114.203224,
          "gatewayAvailable": true,
          "requiresPaidPlan": false
        },
        {
          "name": "Ashburn, Virginia (US)",
          "code": "iad",
          "latitude": 39.02214,
          "longitude": -77.462556,
          "gatewayAvailable": true,
          "requiresPaidPlan": false
        },
        {
          "name": "Johannesburg, South Africa",
          "code": "jnb",
          "latitude": -26.13629,
          "longitude": 28.20298,
          "gatewayAvailable": false,
          "requiresPaidPlan": false
        },
        {
          "name": "Los Angeles, California (US)",
          "code": "lax",
          "latitude": 33.9416,
          "longitude": -118.4085,
          "gatewayAvailable": true,
          "requiresPaidPlan": false
        },
        {
          "name": "London, United Kingdom",
          "code": "lhr",
          "latitude": 51.516434,
          "longitude": -0.125656,
          "gatewayAvailable": true,
          "requiresPaidPlan": false
        },
        {
          "name": "Madrid, Spain",
          "code": "mad",
          "latitude": 40.4381,
          "longitude": -3.82,
          "gatewayAvailable": false,
          "requiresPaidPlan": false
        },
        {
          "name": "Miami, Florida (US)",
          "code": "mia",
          "latitude": 25.7877,
          "longitude": -80.2241,
          "gatewayAvailable": false,
          "requiresPaidPlan": false
        },
        {
          "name": "Tokyo, Japan",
          "code": "nrt",
          "latitude": 35.621608,
          "longitude": 139.741851,
          "gatewayAvailable": true,
          "requiresPaidPlan": false
        },
        {
          "name": "Chicago, Illinois (US)",
          "code": "ord",
          "latitude": 41.891544,
          "longitude": -87.630386,
          "gatewayAvailable": true,
          "requiresPaidPlan": false
        },
        {
          "name": "Bucharest, Romania",
          "code": "otp",
          "latitude": 44.4325,
          "longitude": 26.1039,
          "gatewayAvailable": false,
          "requiresPaidPlan": false
        },
        {
          "name": "Phoenix, Arizona (US)",
          "code": "phx",
          "latitude": 33.416084,
          "longitude": -112.009482,
          "gatewayAvailable": false,
          "requiresPaidPlan": false
        },
        {
          "name": "Querétaro, Mexico",
          "code": "qro",
          "latitude": 20.62,
          "longitude": -100.1863,
          "gatewayAvailable": true,
          "requiresPaidPlan": false
        },
        {
          "name": "Santiago, Chile",
          "code": "scl",
          "latitude": -33.36572,
          "longitude": -70.64292,
          "gatewayAvailable": true,
          "requiresPaidPlan": false
        },
        {
          "name": "Seattle, Washington (US)",
          "code": "sea",
          "latitude": 47.6097,
          "longitude": -122.3331,
          "gatewayAvailable": true,
          "requiresPaidPlan": false
        },
        {
          "name": "Singapore, Singapore",
          "code": "sin",
          "latitude": 1.3,
          "longitude": 103.8,
          "gatewayAvailable": true,
          "requiresPaidPlan": false
        },
        {
          "name": "San Jose, California (US)",
          "code": "sjc",
          "latitude": 37.351601,
          "longitude": -121.896744,
          "gatewayAvailable": true,
          "requiresPaidPlan": false
        },
        {
          "name": "Sydney, Australia",
          "code": "syd",
          "latitude": -33.866033,
          "longitude": 151.20693,
          "gatewayAvailable": true,
          "requiresPaidPlan": false
        },
        {
          "name": "Warsaw, Poland",
          "code": "waw",
          "latitude": 52.1657,
          "longitude": 20.9671,
          "gatewayAvailable": false,
          "requiresPaidPlan": false
        },
        {
          "name": "Sao Paulo, Brazil",
          "code": "xgr",
          "latitude": -23.549664,
          "longitude": -46.654351,
          "gatewayAvailable": false,
          "requiresPaidPlan": false
        },
        {
          "name": "Montreal, Canada",
          "code": "yul",
          "latitude": 45.48647,
          "longitude": -73.75549,
          "gatewayAvailable": false,
          "requiresPaidPlan": false
        },
        {
          "name": "Toronto, Canada",
          "code": "yyz",
          "latitude": 43.644632,
          "longitude": -79.384228,
          "gatewayAvailable": true,
          "requiresPaidPlan": false
        }
      ]
    }
  }
}

DEBUG --> POST https://api.fly.io/graphql

DEBUG {
  "query": "mutation($input: CreateAppInput!) { createApp(input: $input) { app { id name organization { slug } config { definition } regions { name code } } } }",
  "variables": {
    "input": {
      "organizationId": "YJAZL8pwnmAYbTlNOp6KxGDjAKhBLVb8K",
      "name": "viral-daily-oriol-2025-fresh",
      "preferredRegion": "cdg",
      "machines": true
    }
  }
}


DEBUG {}
DEBUG <-- 200 https://api.fly.io/graphql (436.41ms)

DEBUG {
  "data": {
    "createApp": {
      "app": {
        "id": "viral-daily-oriol-2025-fresh",
        "name": "viral-daily-oriol-2025-fresh",
        "organization": {
          "slug": "personal"
        },
        "config": {
          "definition": {
            "kill_timeout": 5,
            "kill_signal": "SIGINT",
            "processes": [],
            "mounts": [],
            "services": [
              {
                "processes": [
                  "app"
                ],
                "protocol": "tcp",
                "internal_port": 8080,
                "concurrency": {
                  "soft_limit": 20,
                  "hard_limit": 25,
                  "type": "connections"
                },
                "ports": [
                  {
                    "port": 80,
                    "handlers": [
                      "http"
                    ],
                    "force_https": true
                  },
                  {
                    "port": 443,
                    "handlers": [
                      "tls",
                      "http"
                    ]
                  }
                ]
              }
            ]
          }
        },
        "regions": [
          {
            "name": "Paris, France",
            "code": "cdg"
          }
        ]
      }
    }
  }
}

DEBUG --> GET https://api.machines.dev/v1/apps/viral-daily-oriol-2025-fresh

DEBUG <-- 200 https://api.machines.dev/v1/apps/viral-daily-oriol-2025-fresh (118.42ms)

DEBUG {
  "id": "mkp298py6mw61orx",
  "name": "viral-daily-oriol-2025-fresh",
  "status": "pending",
  "organization": {
    "name": "Oct Oct",
    "slug": "oct-oct"
  }
}


DEBUG Found .dockerignore file. Will use when deploying to Fly.

DEBUG Task manager done
DEBUG done monitoring tokens
DEBUG querying for statuspage incidents resulted to &{[]}
DEBUG querying for host issues resulted to []
