DEBUG Loaded flyctl config from/Users/oriolcabre/.fly/config.yml
DEBUG determined hostname: "iMac-de-Oriol-2.local"
DEBUG determined working directory: "/Users/oriolcabre/Downloads/viral-daily2"
DEBUG determined config directory: "/Users/oriolcabre/.fly"
DEBUG ensured config directory exists.
DEBUG ensured config directory perms.
DEBUG cache loaded.
DEBUG config initialized.
DEBUG skipped querying for new release
DEBUG checking for updates...
DEBUG started querying for statuspage incidents
DEBUG client initialized.
DEBUG app config loaded from /Users/oriolcabre/Downloads/viral-daily2/fly.toml
DEBUG started querying for host issues
DEBUG --> POST https://api.fly.io/graphql

DEBUG --> POST https://api.fly.io/graphql

DEBUG {
  "query": "query($admin: Boolean!) { organizations(admin: $admin) { nodes { id slug rawSlug name type paidPlan billable viewerRole internalNumericId } } }",
  "variables": {
    "admin": false
  }
}


DEBUG {
  "query": "query($appName: String!) { apphostissues:app(name: $appName) { hostIssues { nodes { internalId message createdAt updatedAt } } } }",
  "variables": {
    "appName": "viral-daily-oriol-2025-fresh"
  }
}


DEBUG {}
DEBUG {}
DEBUG <-- 200 https://api.fly.io/graphql (247.2ms)

DEBUG {
  "data": {
    "organizations": {
      "nodes": [
        {
          "id": "YJAZL8pwnmAYbTlNOp6KxGDjAKhBLVb8K",
          "slug": "personal",
          "rawSlug": "oct-oct",
          "name": "Oct Oct",
          "type": "PERSONAL",
          "paidPlan": true,
          "billable": true,
          "viewerRole": "admin",
          "internalNumericId": "1213612"
        }
      ]
    }
  }
}

DEBUG app config loaded from /Users/oriolcabre/Downloads/viral-daily2/fly.toml
DEBUG Starting task manager
DEBUG monitoring tokens at /Users/oriolcabre/.fly/config.yml
DEBUG --> POST https://api.fly.io/graphql

DEBUG {
  "query": "query { viewer { ... on User { id email enablePaidHobby } ... on Macaroon { email } } }",
  "variables": null
}


DEBUG {}
DEBUG <-- 200 https://api.fly.io/graphql (265.92ms)

DEBUG {
  "data": {
    "apphostissues": {
      "hostIssues": {
        "nodes": []
      }
    }
  }
}

DEBUG <-- 200 https://api.fly.io/graphql (155.59ms)

DEBUG {
  "data": {
    "viewer": {
      "id": "mjK5vxJp5yjo1Tqja0Q4",
      "email": "oriolcabre@googlemail.com",
      "enablePaidHobby": true
    }
  }
}

DEBUG --> POST https://api.fly.io/graphql

DEBUG {
  "query": "query ($appName: String!) { appcompact:app(name: $appName) { id name hostname deployed network status appUrl platformVersion organization { id internalNumericId slug paidPlan } postgresAppRole: role { name } } }",
  "variables": {
    "appName": "viral-daily-oriol-2025-fresh"
  }
}


DEBUG {}
DEBUG <-- 200 https://api.fly.io/graphql (485.56ms)

DEBUG {
  "data": {
    "appcompact": {
      "id": "viral-daily-oriol-2025-fresh",
      "name": "viral-daily-oriol-2025-fresh",
      "hostname": "viral-daily-oriol-2025-fresh.fly.dev",
      "deployed": false,
      "network": "",
      "status": "pending",
      "appUrl": null,
      "platformVersion": "machines",
      "postgresAppRole": null,
      "organization": {
        "id": "YJAZL8pwnmAYbTlNOp6KxGDjAKhBLVb8K",
        "internalNumericId": "1213612",
        "slug": "personal",
        "paidPlan": true
      }
    }
  }
}

DEBUG trying remote docker daemon
DEBUG --> POST https://api.fly.io/graphql

DEBUG {
  "query": "\nmutation CreateBuild ($input: CreateBuildInput!) {\n\tcreateBuild(input: $input) {\n\t\tid\n\t\tstatus\n\t}\n}\n",
  "variables": {
    "input": {
      "appName": "viral-daily-oriol-2025-fresh",
      "builderType": "depot.dev",
      "clientMutationId": "",
      "imageOpts": {
        "buildArgs": {},
        "buildPacks": null,
        "builder": "",
        "builtIn": "",
        "builtInSettings": null,
        "dockerfilePath": "",
        "extraBuildArgs": null,
        "imageLabel": "",
        "imageRef": "",
        "noCache": false,
        "publish": true,
        "tag": "registry.fly.io/viral-daily-oriol-2025-fresh:deployment-01K207DHXXPCBBJTBZ9Q4RK9ZD",
        "target": ""
      },
      "machineId": "",
      "strategiesAvailable": [
        "depot.dev"
      ]
    }
  },
  "operationName": "CreateBuild"
}

DEBUG {0x140008e9dd0}
DEBUG <-- 200 https://api.fly.io/graphql (204.35ms)

DEBUG {
  "data": {
    "createBuild": {
      "id": "7743040",
      "status": "started"
    }
  }
}

DEBUG Trying 'depot.dev' strategy

DEBUG --> POST https://api.fly.io/graphql

DEBUG {
  "query": "\nmutation EnsureDepotRemoteBuilder ($input: EnsureDepotRemoteBuilderInput!) {\n\tensureDepotRemoteBuilder(input: $input) {\n\t\tbuildId\n\t\tbuildToken\n\t}\n}\n",
  "variables": {
    "input": {
      "appName": "viral-daily-oriol-2025-fresh",
      "builderScope": "organization",
      "clientMutationId": null,
      "organizationId": null,
      "region": ""
    }
  },
  "operationName": "EnsureDepotRemoteBuilder"
}

DEBUG {0x14000a22000}
DEBUG <-- 200 https://api.fly.io/graphql (216.08ms)

DEBUG {
  "data": {
    "ensureDepotRemoteBuilder": {
      "buildId": "9txb44f6x1",
      "buildToken": "300b34cc-ce68-42dc-a4c7-74e9921aecd9"
    }
  }
}

DEBUG result image:registry.fly.io/viral-daily-oriol-2025-fresh:deployment-01K207DHXXPCBBJTBZ9Q4RK9ZD error:<nil>

DEBUG --> POST https://api.fly.io/graphql

DEBUG {
  "query": "\nmutation FinishBuild ($input: FinishBuildInput!) {\n\tfinishBuild(input: $input) {\n\t\tid\n\t\tstatus\n\t\twallclockTimeMs\n\t}\n}\n",
  "variables": {
    "input": {
      "appName": "viral-daily-oriol-2025-fresh",
      "buildId": "7743040",
      "builderMeta": {
        "builderType": "depot.dev",
        "buildkitEnabled": false,
        "dockerVersion": "",
        "platform": "",
        "remoteAppName": "",
        "remoteMachineId": ""
      },
      "clientMutationId": "",
      "finalImage": {
        "id": "sha256:64bc4c629bca2e099987b0dc186c6e6927d4e3ee0caa586f401c88280c9c109c",
        "sizeBytes": 265436249,
        "tag": "registry.fly.io/viral-daily-oriol-2025-fresh:deployment-01K207DHXXPCBBJTBZ9Q4RK9ZD"
      },
      "logs": "",
      "machineId": "",
      "status": "completed",
      "strategiesAttempted": [
        {
          "error": "",
          "note": "",
          "result": "success",
          "strategy": "depot.dev"
        }
      ],
      "timings": {
        "buildAndPushMs": 52664,
        "buildMs": 53765,
        "builderInitMs": 904,
        "contextBuildMs": -1,
        "imageBuildMs": 53765,
        "pushMs": -1
      }
    }
  },
  "operationName": "FinishBuild"
}

DEBUG {0x140005786c0}
DEBUG <-- 200 https://api.fly.io/graphql (301.1ms)

DEBUG {
  "data": {
    "finishBuild": {
      "id": "7743040",
      "status": "completed",
      "wallclockTimeMs": 54093
    }
  }
}

DEBUG --> GET https://api.machines.dev/v1/apps/viral-daily-oriol-2025-fresh/machines

DEBUG <-- 200 https://api.machines.dev/v1/apps/viral-daily-oriol-2025-fresh/machines (126.44ms)

DEBUG []

DEBUG Found no machines that are part of Fly Apps Platform. Checking for active machines...
DEBUG --> GET https://api.machines.dev/v1/apps/viral-daily-oriol-2025-fresh/machines

DEBUG <-- 200 https://api.machines.dev/v1/apps/viral-daily-oriol-2025-fresh/machines (43.05ms)

DEBUG []

DEBUG --> POST https://api.fly.io/graphql

DEBUG {
  "query": "query ($appName: String!) { app(name: $appName) { ipAddresses { nodes { id address type region createdAt network { name organization { slug } } serviceName } } sharedIpAddress } }",
  "variables": {
    "appName": "viral-daily-oriol-2025-fresh"
  }
}


DEBUG {}
DEBUG <-- 200 https://api.fly.io/graphql (171.56ms)

DEBUG {
  "data": {
    "app": {
      "sharedIpAddress": null,
      "ipAddresses": {
        "nodes": []
      }
    }
  }
}

DEBUG --> POST https://api.fly.io/graphql

DEBUG {
  "query": "mutation($input: AllocateIPAddressInput!) { allocateIpAddress(input: $input) { ipAddress { id address type region createdAt } } }",
  "variables": {
    "input": {
      "appId": "viral-daily-oriol-2025-fresh",
      "type": "v6",
      "region": ""
    }
  }
}


DEBUG {}
DEBUG <-- 200 https://api.fly.io/graphql (377.13ms)

DEBUG {
  "data": {
    "allocateIpAddress": {
      "ipAddress": {
        "id": "ip_degn1rm6qvw235om",
        "address": "2a09:8280:1::8d:3c15:0",
        "type": "v6",
        "region": "global",
        "createdAt": "2025-08-06T17:39:39Z"
      }
    }
  }
}

DEBUG --> POST https://api.fly.io/graphql

DEBUG {
  "query": "mutation($input: AllocateIPAddressInput!) { allocateIpAddress(input: $input) { app { sharedIpAddress } } }",
  "variables": {
    "input": {
      "appId": "viral-daily-oriol-2025-fresh",
      "type": "shared_v4",
      "region": ""
    }
  }
}


DEBUG {}
DEBUG <-- 200 https://api.fly.io/graphql (170.92ms)

DEBUG {
  "data": {
    "allocateIpAddress": {
      "app": {
        "sharedIpAddress": "66.241.125.181"
      }
    }
  }
}

DEBUG --> POST https://api.fly.io/graphql

DEBUG {
  "query": "\nmutation CreateRelease ($input: CreateReleaseInput!) {\n\tcreateRelease(input: $input) {\n\t\trelease {\n\t\t\tid\n\t\t\tversion\n\t\t}\n\t}\n}\n",
  "variables": {
    "input": {
      "appId": "viral-daily-oriol-2025-fresh",
      "buildId": "7743040",
      "clientMutationId": "",
      "definition": {
        "app": "viral-daily-oriol-2025-fresh",
        "primary_region": "cdg",
        "http_service": {
          "internal_port": 8001,
          "force_https": true,
          "auto_stop_machines": true,
          "auto_start_machines": true,
          "min_machines_running": 0,
          "processes": [
            "app"
          ]
        },
        "vm": [
          {
            "memory": "1gb",
            "cpu_kind": "shared",
            "cpus": 1
          }
        ]
      },
      "image": "registry.fly.io/viral-daily-oriol-2025-fresh:deployment-01K207DHXXPCBBJTBZ9Q4RK9ZD",
      "platformVersion": "machines",
      "strategy": "ROLLING"
    }
  },
  "operationName": "CreateRelease"
}

DEBUG {0x14000a985d0}
DEBUG <-- 200 https://api.fly.io/graphql (3.92s)

DEBUG {
  "data": {
    "createRelease": {
      "release": {
        "id": "6DeM8g9BBOqeQF4J98YLzqVeR",
        "version": 1
      }
    }
  }
}

DEBUG --> POST https://api.fly.io/graphql

DEBUG {
  "query": "\nmutation UpdateRelease ($input: UpdateReleaseInput!) {\n\tupdateRelease(input: $input) {\n\t\trelease {\n\t\t\tid\n\t\t}\n\t}\n}\n",
  "variables": {
    "input": {
      "clientMutationId": "",
      "metadata": null,
      "releaseId": "6DeM8g9BBOqeQF4J98YLzqVeR",
      "status": "running"
    }
  },
  "operationName": "UpdateRelease"
}

DEBUG {0x14000b28600}
DEBUG --> POST https://api.fly.io/graphql

DEBUG {
  "query": "query($admin: Boolean!) { organizations(admin: $admin) { nodes { id slug rawSlug name type paidPlan billable viewerRole internalNumericId } } }",
  "variables": {
    "admin": false
  }
}


DEBUG {}
DEBUG <-- 200 https://api.fly.io/graphql (207.27ms)

DEBUG {
  "data": {
    "updateRelease": {
      "release": {
        "id": "6DeM8g9BBOqeQF4J98YLzqVeR"
      }
    }
  }
}

DEBUG --> POST https://api.machines.dev/v1/apps/viral-daily-oriol-2025-fresh/machines

DEBUG {
  "config": {
    "env": {
      "FLY_PROCESS_GROUP": "app",
      "PRIMARY_REGION": "cdg"
    },
    "init": {},
    "guest": {
      "cpu_kind": "shared",
      "cpus": 1,
      "memory_mb": 1024
    },
    "metadata": {
      "fly_flyctl_version": "0.3.166",
      "fly_platform_version": "v2",
      "fly_process_group": "app",
      "fly_release_id": "6DeM8g9BBOqeQF4J98YLzqVeR",
      "fly_release_version": "1"
    },
    "services": [
      {
        "protocol": "tcp",
        "internal_port": 8001,
        "autostop": true,
        "autostart": true,
        "min_machines_running": 0,
        "ports": [
          {
            "port": 80,
            "handlers": [
              "http"
            ],
            "force_https": true
          },
          {
            "port": 443,
            "handlers": [
              "http",
              "tls"
            ]
          }
        ],
        "force_instance_key": null
      }
    ],
    "image": "registry.fly.io/viral-daily-oriol-2025-fresh:deployment-01K207DHXXPCBBJTBZ9Q4RK9ZD"
  },
  "region": "cdg",
  "lease_ttl": 300
}

DEBUG {0x140009b4240}
DEBUG <-- 200 https://api.fly.io/graphql (193.92ms)

DEBUG {
  "data": {
    "organizations": {
      "nodes": [
        {
          "id": "YJAZL8pwnmAYbTlNOp6KxGDjAKhBLVb8K",
          "slug": "personal",
          "rawSlug": "oct-oct",
          "name": "Oct Oct",
          "type": "PERSONAL",
          "paidPlan": true,
          "billable": true,
          "viewerRole": "admin",
          "internalNumericId": "1213612"
        }
      ]
    }
  }
}

DEBUG <-- 200 https://api.machines.dev/v1/apps/viral-daily-oriol-2025-fresh/machines (3.24s)

DEBUG {
  "id": "683996ec797258",
  "name": "muddy-frog-2403",
  "state": "created",
  "region": "cdg",
  "instance_id": "01K207FER99Y00FC51AW0W31A1",
  "private_ip": "fdaa:24:e40a:a7b:4e5:4a4d:1273:2",
  "config": {
    "env": {
      "FLY_PROCESS_GROUP": "app",
      "PRIMARY_REGION": "cdg"
    },
    "init": {},
    "guest": {
      "cpu_kind": "shared",
      "cpus": 1,
      "memory_mb": 1024
    },
    "metadata": {
      "fly_flyctl_version": "0.3.166",
      "fly_platform_version": "v2",
      "fly_process_group": "app",
      "fly_release_id": "6DeM8g9BBOqeQF4J98YLzqVeR",
      "fly_release_version": "1"
    },
    "services": [
      {
        "protocol": "tcp",
        "internal_port": 8001,
        "autostop": true,
        "autostart": true,
        "min_machines_running": 0,
        "ports": [
          {
            "port": 80,
            "handlers": [
              "http"
            ],
            "force_https": true
          },
          {
            "port": 443,
            "handlers": [
              "http",
              "tls"
            ]
          }
        ],
        "force_instance_key": null
      }
    ],
    "image": "registry.fly.io/viral-daily-oriol-2025-fresh:deployment-01K207DHXXPCBBJTBZ9Q4RK9ZD",
    "restart": {
      "policy": "on-failure",
      "max_retries": 10
    }
  },
  "incomplete_config": null,
  "image_ref": {
    "registry": "registry.fly.io",
    "repository": "viral-daily-oriol-2025-fresh",
    "tag": "deployment-01K207DHXXPCBBJTBZ9Q4RK9ZD",
    "digest": "sha256:64bc4c629bca2e099987b0dc186c6e6927d4e3ee0caa586f401c88280c9c109c",
    "labels": null
  },
  "created_at": "2025-08-06T17:39:47Z",
  "updated_at": "2025-08-06T17:39:47Z",
  "events": [
    {
      "id": "01K207FET16FYN2DPBSSJA3857",
      "type": "launch",
      "status": "created",
      "source": "user",
      "timestamp": 1754501987137
    }
  ],
  "host_status": "ok",
  "nonce": "de11254c46d3"
}


DEBUG --> GET https://api.machines.dev/v1/apps/viral-daily-oriol-2025-fresh/machines/683996ec797258

DEBUG <-- 200 https://api.machines.dev/v1/apps/viral-daily-oriol-2025-fresh/machines/683996ec797258 (40.18ms)

DEBUG {
  "id": "683996ec797258",
  "name": "muddy-frog-2403",
  "state": "created",
  "region": "cdg",
  "instance_id": "01K207FER99Y00FC51AW0W31A1",
  "private_ip": "fdaa:24:e40a:a7b:4e5:4a4d:1273:2",
  "config": {
    "env": {
      "FLY_PROCESS_GROUP": "app",
      "PRIMARY_REGION": "cdg"
    },
    "init": {},
    "guest": {
      "cpu_kind": "shared",
      "cpus": 1,
      "memory_mb": 1024
    },
    "metadata": {
      "fly_flyctl_version": "0.3.166",
      "fly_platform_version": "v2",
      "fly_process_group": "app",
      "fly_release_id": "6DeM8g9BBOqeQF4J98YLzqVeR",
      "fly_release_version": "1"
    },
    "services": [
      {
        "protocol": "tcp",
        "internal_port": 8001,
        "autostop": true,
        "autostart": true,
        "min_machines_running": 0,
        "ports": [
          {
            "port": 80,
            "handlers": [
              "http"
            ],
            "force_https": true
          },
          {
            "port": 443,
            "handlers": [
              "http",
              "tls"
            ]
          }
        ],
        "force_instance_key": null
      }
    ],
    "image": "registry.fly.io/viral-daily-oriol-2025-fresh:deployment-01K207DHXXPCBBJTBZ9Q4RK9ZD",
    "restart": {
      "policy": "on-failure",
      "max_retries": 10
    }
  },
  "incomplete_config": null,
  "image_ref": {
    "registry": "registry.fly.io",
    "repository": "viral-daily-oriol-2025-fresh",
    "tag": "deployment-01K207DHXXPCBBJTBZ9Q4RK9ZD",
    "digest": "sha256:64bc4c629bca2e099987b0dc186c6e6927d4e3ee0caa586f401c88280c9c109c",
    "labels": null
  },
  "created_at": "2025-08-06T17:39:47Z",
  "updated_at": "2025-08-06T17:39:47Z",
  "events": [
    {
      "id": "01K207FET16FYN2DPBSSJA3857",
      "type": "launch",
      "status": "created",
      "source": "user",
      "timestamp": 1754501987137
    }
  ],
  "host_status": "ok"
}


DEBUG --> GET https://api.machines.dev/v1/apps/viral-daily-oriol-2025-fresh/machines/683996ec797258

DEBUG <-- 200 https://api.machines.dev/v1/apps/viral-daily-oriol-2025-fresh/machines/683996ec797258 (37.55ms)

DEBUG {
  "id": "683996ec797258",
  "name": "muddy-frog-2403",
  "state": "created",
  "region": "cdg",
  "instance_id": "01K207FER99Y00FC51AW0W31A1",
  "private_ip": "fdaa:24:e40a:a7b:4e5:4a4d:1273:2",
  "config": {
    "env": {
      "FLY_PROCESS_GROUP": "app",
      "PRIMARY_REGION": "cdg"
    },
    "init": {},
    "guest": {
      "cpu_kind": "shared",
      "cpus": 1,
      "memory_mb": 1024
    },
    "metadata": {
      "fly_flyctl_version": "0.3.166",
      "fly_platform_version": "v2",
      "fly_process_group": "app",
      "fly_release_id": "6DeM8g9BBOqeQF4J98YLzqVeR",
      "fly_release_version": "1"
    },
    "services": [
      {
        "protocol": "tcp",
        "internal_port": 8001,
        "autostop": true,
        "autostart": true,
        "min_machines_running": 0,
        "ports": [
          {
            "port": 80,
            "handlers": [
              "http"
            ],
            "force_https": true
          },
          {
            "port": 443,
            "handlers": [
              "http",
              "tls"
            ]
          }
        ],
        "force_instance_key": null
      }
    ],
    "image": "registry.fly.io/viral-daily-oriol-2025-fresh:deployment-01K207DHXXPCBBJTBZ9Q4RK9ZD",
    "restart": {
      "policy": "on-failure",
      "max_retries": 10
    }
  },
  "incomplete_config": null,
  "image_ref": {
    "registry": "registry.fly.io",
    "repository": "viral-daily-oriol-2025-fresh",
    "tag": "deployment-01K207DHXXPCBBJTBZ9Q4RK9ZD",
    "digest": "sha256:64bc4c629bca2e099987b0dc186c6e6927d4e3ee0caa586f401c88280c9c109c",
    "labels": null
  },
  "created_at": "2025-08-06T17:39:47Z",
  "updated_at": "2025-08-06T17:39:47Z",
  "events": [
    {
      "id": "01K207FET16FYN2DPBSSJA3857",
      "type": "launch",
      "status": "created",
      "source": "user",
      "timestamp": 1754501987137
    }
  ],
  "host_status": "ok"
}


DEBUG --> GET https://api.machines.dev/v1/apps/viral-daily-oriol-2025-fresh/machines/683996ec797258

DEBUG <-- 200 https://api.machines.dev/v1/apps/viral-daily-oriol-2025-fresh/machines/683996ec797258 (41.41ms)

DEBUG {
  "id": "683996ec797258",
  "name": "muddy-frog-2403",
  "state": "created",
  "region": "cdg",
  "instance_id": "01K207FER99Y00FC51AW0W31A1",
  "private_ip": "fdaa:24:e40a:a7b:4e5:4a4d:1273:2",
  "config": {
    "env": {
      "FLY_PROCESS_GROUP": "app",
      "PRIMARY_REGION": "cdg"
    },
    "init": {},
    "guest": {
      "cpu_kind": "shared",
      "cpus": 1,
      "memory_mb": 1024
    },
    "metadata": {
      "fly_flyctl_version": "0.3.166",
      "fly_platform_version": "v2",
      "fly_process_group": "app",
      "fly_release_id": "6DeM8g9BBOqeQF4J98YLzqVeR",
      "fly_release_version": "1"
    },
    "services": [
      {
        "protocol": "tcp",
        "internal_port": 8001,
        "autostop": true,
        "autostart": true,
        "min_machines_running": 0,
        "ports": [
          {
            "port": 80,
            "handlers": [
              "http"
            ],
            "force_https": true
          },
          {
            "port": 443,
            "handlers": [
              "http",
              "tls"
            ]
          }
        ],
        "force_instance_key": null
      }
    ],
    "image": "registry.fly.io/viral-daily-oriol-2025-fresh:deployment-01K207DHXXPCBBJTBZ9Q4RK9ZD",
    "restart": {
      "policy": "on-failure",
      "max_retries": 10
    }
  },
  "incomplete_config": null,
  "image_ref": {
    "registry": "registry.fly.io",
    "repository": "viral-daily-oriol-2025-fresh",
    "tag": "deployment-01K207DHXXPCBBJTBZ9Q4RK9ZD",
    "digest": "sha256:64bc4c629bca2e099987b0dc186c6e6927d4e3ee0caa586f401c88280c9c109c",
    "labels": null
  },
  "created_at": "2025-08-06T17:39:47Z",
  "updated_at": "2025-08-06T17:39:47Z",
  "events": [
    {
      "id": "01K207FET16FYN2DPBSSJA3857",
      "type": "launch",
      "status": "created",
      "source": "user",
      "timestamp": 1754501987137
    }
  ],
  "host_status": "ok"
}


DEBUG --> GET https://api.machines.dev/v1/apps/viral-daily-oriol-2025-fresh/machines/683996ec797258

DEBUG <-- 200 https://api.machines.dev/v1/apps/viral-daily-oriol-2025-fresh/machines/683996ec797258 (36.45ms)

DEBUG {
  "id": "683996ec797258",
  "name": "muddy-frog-2403",
  "state": "created",
  "region": "cdg",
  "instance_id": "01K207FER99Y00FC51AW0W31A1",
  "private_ip": "fdaa:24:e40a:a7b:4e5:4a4d:1273:2",
  "config": {
    "env": {
      "FLY_PROCESS_GROUP": "app",
      "PRIMARY_REGION": "cdg"
    },
    "init": {},
    "guest": {
      "cpu_kind": "shared",
      "cpus": 1,
      "memory_mb": 1024
    },
    "metadata": {
      "fly_flyctl_version": "0.3.166",
      "fly_platform_version": "v2",
      "fly_process_group": "app",
      "fly_release_id": "6DeM8g9BBOqeQF4J98YLzqVeR",
      "fly_release_version": "1"
    },
    "services": [
      {
        "protocol": "tcp",
        "internal_port": 8001,
        "autostop": true,
        "autostart": true,
        "min_machines_running": 0,
        "ports": [
          {
            "port": 80,
            "handlers": [
              "http"
            ],
            "force_https": true
          },
          {
            "port": 443,
            "handlers": [
              "http",
              "tls"
            ]
          }
        ],
        "force_instance_key": null
      }
    ],
    "image": "registry.fly.io/viral-daily-oriol-2025-fresh:deployment-01K207DHXXPCBBJTBZ9Q4RK9ZD",
    "restart": {
      "policy": "on-failure",
      "max_retries": 10
    }
  },
  "incomplete_config": null,
  "image_ref": {
    "registry": "registry.fly.io",
    "repository": "viral-daily-oriol-2025-fresh",
    "tag": "deployment-01K207DHXXPCBBJTBZ9Q4RK9ZD",
    "digest": "sha256:64bc4c629bca2e099987b0dc186c6e6927d4e3ee0caa586f401c88280c9c109c",
    "labels": null
  },
  "created_at": "2025-08-06T17:39:47Z",
  "updated_at": "2025-08-06T17:39:47Z",
  "events": [
    {
      "id": "01K207FET16FYN2DPBSSJA3857",
      "type": "launch",
      "status": "created",
      "source": "user",
      "timestamp": 1754501987137
    }
  ],
  "host_status": "ok"
}


DEBUG --> GET https://api.machines.dev/v1/apps/viral-daily-oriol-2025-fresh/machines/683996ec797258

DEBUG <-- 200 https://api.machines.dev/v1/apps/viral-daily-oriol-2025-fresh/machines/683996ec797258 (48.97ms)

DEBUG {
  "id": "683996ec797258",
  "name": "muddy-frog-2403",
  "state": "created",
  "region": "cdg",
  "instance_id": "01K207FER99Y00FC51AW0W31A1",
  "private_ip": "fdaa:24:e40a:a7b:4e5:4a4d:1273:2",
  "config": {
    "env": {
      "FLY_PROCESS_GROUP": "app",
      "PRIMARY_REGION": "cdg"
    },
    "init": {},
    "guest": {
      "cpu_kind": "shared",
      "cpus": 1,
      "memory_mb": 1024
    },
    "metadata": {
      "fly_flyctl_version": "0.3.166",
      "fly_platform_version": "v2",
      "fly_process_group": "app",
      "fly_release_id": "6DeM8g9BBOqeQF4J98YLzqVeR",
      "fly_release_version": "1"
    },
    "services": [
      {
        "protocol": "tcp",
        "internal_port": 8001,
        "autostop": true,
        "autostart": true,
        "min_machines_running": 0,
        "ports": [
          {
            "port": 80,
            "handlers": [
              "http"
            ],
            "force_https": true
          },
          {
            "port": 443,
            "handlers": [
              "http",
              "tls"
            ]
          }
        ],
        "force_instance_key": null
      }
    ],
    "image": "registry.fly.io/viral-daily-oriol-2025-fresh:deployment-01K207DHXXPCBBJTBZ9Q4RK9ZD",
    "restart": {
      "policy": "on-failure",
      "max_retries": 10
    }
  },
  "incomplete_config": null,
  "image_ref": {
    "registry": "registry.fly.io",
    "repository": "viral-daily-oriol-2025-fresh",
    "tag": "deployment-01K207DHXXPCBBJTBZ9Q4RK9ZD",
    "digest": "sha256:64bc4c629bca2e099987b0dc186c6e6927d4e3ee0caa586f401c88280c9c109c",
    "labels": null
  },
  "created_at": "2025-08-06T17:39:47Z",
  "updated_at": "2025-08-06T17:39:47Z",
  "events": [
    {
      "id": "01K207FET16FYN2DPBSSJA3857",
      "type": "launch",
      "status": "created",
      "source": "user",
      "timestamp": 1754501987137
    }
  ],
  "host_status": "ok"
}


DEBUG --> GET https://api.machines.dev/v1/apps/viral-daily-oriol-2025-fresh/machines/683996ec797258

DEBUG <-- 200 https://api.machines.dev/v1/apps/viral-daily-oriol-2025-fresh/machines/683996ec797258 (130.18ms)

DEBUG {
  "id": "683996ec797258",
  "name": "muddy-frog-2403",
  "state": "created",
  "region": "cdg",
  "instance_id": "01K207FER99Y00FC51AW0W31A1",
  "private_ip": "fdaa:24:e40a:a7b:4e5:4a4d:1273:2",
  "config": {
    "env": {
      "FLY_PROCESS_GROUP": "app",
      "PRIMARY_REGION": "cdg"
    },
    "init": {},
    "guest": {
      "cpu_kind": "shared",
      "cpus": 1,
      "memory_mb": 1024
    },
    "metadata": {
      "fly_flyctl_version": "0.3.166",
      "fly_platform_version": "v2",
      "fly_process_group": "app",
      "fly_release_id": "6DeM8g9BBOqeQF4J98YLzqVeR",
      "fly_release_version": "1"
    },
    "services": [
      {
        "protocol": "tcp",
        "internal_port": 8001,
        "autostop": true,
        "autostart": true,
        "min_machines_running": 0,
        "ports": [
          {
            "port": 80,
            "handlers": [
              "http"
            ],
            "force_https": true
          },
          {
            "port": 443,
            "handlers": [
              "http",
              "tls"
            ]
          }
        ],
        "force_instance_key": null
      }
    ],
    "image": "registry.fly.io/viral-daily-oriol-2025-fresh:deployment-01K207DHXXPCBBJTBZ9Q4RK9ZD",
    "restart": {
      "policy": "on-failure",
      "max_retries": 10
    }
  },
  "incomplete_config": null,
  "image_ref": {
    "registry": "registry.fly.io",
    "repository": "viral-daily-oriol-2025-fresh",
    "tag": "deployment-01K207DHXXPCBBJTBZ9Q4RK9ZD",
    "digest": "sha256:64bc4c629bca2e099987b0dc186c6e6927d4e3ee0caa586f401c88280c9c109c",
    "labels": null
  },
  "created_at": "2025-08-06T17:39:47Z",
  "updated_at": "2025-08-06T17:39:47Z",
  "events": [
    {
      "id": "01K207FET16FYN2DPBSSJA3857",
      "type": "launch",
      "status": "created",
      "source": "user",
      "timestamp": 1754501987137
    }
  ],
  "host_status": "ok"
}


DEBUG --> GET https://api.machines.dev/v1/apps/viral-daily-oriol-2025-fresh/machines/683996ec797258

DEBUG <-- 200 https://api.machines.dev/v1/apps/viral-daily-oriol-2025-fresh/machines/683996ec797258 (47.31ms)

DEBUG {
  "id": "683996ec797258",
  "name": "muddy-frog-2403",
  "state": "created",
  "region": "cdg",
  "instance_id": "01K207FER99Y00FC51AW0W31A1",
  "private_ip": "fdaa:24:e40a:a7b:4e5:4a4d:1273:2",
  "config": {
    "env": {
      "FLY_PROCESS_GROUP": "app",
      "PRIMARY_REGION": "cdg"
    },
    "init": {},
    "guest": {
      "cpu_kind": "shared",
      "cpus": 1,
      "memory_mb": 1024
    },
    "metadata": {
      "fly_flyctl_version": "0.3.166",
      "fly_platform_version": "v2",
      "fly_process_group": "app",
      "fly_release_id": "6DeM8g9BBOqeQF4J98YLzqVeR",
      "fly_release_version": "1"
    },
    "services": [
      {
        "protocol": "tcp",
        "internal_port": 8001,
        "autostop": true,
        "autostart": true,
        "min_machines_running": 0,
        "ports": [
          {
            "port": 80,
            "handlers": [
              "http"
            ],
            "force_https": true
          },
          {
            "port": 443,
            "handlers": [
              "http",
              "tls"
            ]
          }
        ],
        "force_instance_key": null
      }
    ],
    "image": "registry.fly.io/viral-daily-oriol-2025-fresh:deployment-01K207DHXXPCBBJTBZ9Q4RK9ZD",
    "restart": {
      "policy": "on-failure",
      "max_retries": 10
    }
  },
  "incomplete_config": null,
  "image_ref": {
    "registry": "registry.fly.io",
    "repository": "viral-daily-oriol-2025-fresh",
    "tag": "deployment-01K207DHXXPCBBJTBZ9Q4RK9ZD",
    "digest": "sha256:64bc4c629bca2e099987b0dc186c6e6927d4e3ee0caa586f401c88280c9c109c",
    "labels": null
  },
  "created_at": "2025-08-06T17:39:47Z",
  "updated_at": "2025-08-06T17:39:47Z",
  "events": [
    {
      "id": "01K207FET16FYN2DPBSSJA3857",
      "type": "launch",
      "status": "created",
      "source": "user",
      "timestamp": 1754501987137
    }
  ],
  "host_status": "ok"
}


DEBUG --> GET https://api.machines.dev/v1/apps/viral-daily-oriol-2025-fresh/machines/683996ec797258

DEBUG --> GET https://api.machines.dev/v1/apps/viral-daily-oriol-2025-fresh/machines/683996ec797258/wait?instance_id=01K207FER99Y00FC51AW0W31A1&state=started&timeout=60

DEBUG <-- 200 https://api.machines.dev/v1/apps/viral-daily-oriol-2025-fresh/machines/683996ec797258/wait?instance_id=01K207FER99Y00FC51AW0W31A1&state=started&timeout=60 (18.6s)

DEBUG {
  "ok": true
}

DEBUG --> GET https://api.machines.dev/v1/apps/viral-daily-oriol-2025-fresh/machines/683996ec797258/ps

DEBUG <-- 200 https://api.machines.dev/v1/apps/viral-daily-oriol-2025-fresh/machines/683996ec797258/ps (56.26ms)

DEBUG [
  {
    "pid": 1,
    "stime": 0,
    "rtime": 5,
    "command": "/fly/init",
    "directory": "/",
    "cpu": 0,
    "rss": 6406144,
    "listen_sockets": []
  },
  {
    "pid": 2,
    "stime": 0,
    "rtime": 5,
    "command": "",
    "directory": "/",
    "cpu": 0,
    "rss": 0,
    "listen_sockets": []
  },
  {
    "pid": 3,
    "stime": 0,
    "rtime": 5,
    "command": "",
    "directory": "/",
    "cpu": 0,
    "rss": 0,
    "listen_sockets": []
  },
  {
    "pid": 4,
    "stime": 0,
    "rtime": 5,
    "command": "",
    "directory": "/",
    "cpu": 0,
    "rss": 0,
    "listen_sockets": []
  },
  {
    "pid": 5,
    "stime": 0,
    "rtime": 5,
    "command": "",
    "directory": "/",
    "cpu": 0,
    "rss": 0,
    "listen_sockets": []
  },
  {
    "pid": 6,
    "stime": 0,
    "rtime": 5,
    "command": "",
    "directory": "/",
    "cpu": 0,
    "rss": 0,
    "listen_sockets": []
  },
  {
    "pid": 7,
    "stime": 0,
    "rtime": 5,
    "command": "",
    "directory": "/",
    "cpu": 0,
    "rss": 0,
    "listen_sockets": []
  },
  {
    "pid": 8,
    "stime": 0,
    "rtime": 5,
    "command": "",
    "directory": "/",
    "cpu": 0,
    "rss": 0,
    "listen_sockets": []
  },
  {
    "pid": 9,
    "stime": 0,
    "rtime": 5,
    "command": "",
    "directory": "/",
    "cpu": 0,
    "rss": 0,
    "listen_sockets": []
  },
  {
    "pid": 10,
    "stime": 0,
    "rtime": 5,
    "command": "",
    "directory": "/",
    "cpu": 0,
    "rss": 0,
    "listen_sockets": []
  },
  {
    "pid": 11,
    "stime": 0,
    "rtime": 5,
    "command": "",
    "directory": "/",
    "cpu": 0,
    "rss": 0,
    "listen_sockets": []
  },
  {
    "pid": 12,
    "stime": 0,
    "rtime": 5,
    "command": "",
    "directory": "/",
    "cpu": 0,
    "rss": 0,
    "listen_sockets": []
  },
  {
    "pid": 13,
    "stime": 0,
    "rtime": 5,
    "command": "",
    "directory": "/",
    "cpu": 0,
    "rss": 0,
    "listen_sockets": []
  },
  {
    "pid": 14,
    "stime": 0,
    "rtime": 5,
    "command": "",
    "directory": "/",
    "cpu": 0,
    "rss": 0,
    "listen_sockets": []
  },
  {
    "pid": 15,
    "stime": 0,
    "rtime": 5,
    "command": "",
    "directory": "/",
    "cpu": 0,
    "rss": 0,
    "listen_sockets": []
  },
  {
    "pid": 16,
    "stime": 0,
    "rtime": 5,
    "command": "",
    "directory": "/",
    "cpu": 0,
    "rss": 0,
    "listen_sockets": []
  },
  {
    "pid": 17,
    "stime": 0,
    "rtime": 5,
    "command": "",
    "directory": "/",
    "cpu": 0,
    "rss": 0,
    "listen_sockets": []
  },
  {
    "pid": 18,
    "stime": 0,
    "rtime": 5,
    "command": "",
    "directory": "/",
    "cpu": 0,
    "rss": 0,
    "listen_sockets": []
  },
  {
    "pid": 19,
    "stime": 0,
    "rtime": 5,
    "command": "",
    "directory": "/",
    "cpu": 0,
    "rss": 0,
    "listen_sockets": []
  },
  {
    "pid": 20,
    "stime": 0,
    "rtime": 5,
    "command": "",
    "directory": "/",
    "cpu": 0,
    "rss": 0,
    "listen_sockets": []
  },
  {
    "pid": 21,
    "stime": 0,
    "rtime": 5,
    "command": "",
    "directory": "/",
    "cpu": 0,
    "rss": 0,
    "listen_sockets": []
  },
  {
    "pid": 22,
    "stime": 0,
    "rtime": 5,
    "command": "",
    "directory": "/",
    "cpu": 0,
    "rss": 0,
    "listen_sockets": []
  },
  {
    "pid": 24,
    "stime": 0,
    "rtime": 5,
    "command": "",
    "directory": "/",
    "cpu": 0,
    "rss": 0,
    "listen_sockets": []
  },
  {
    "pid": 25,
    "stime": 0,
    "rtime": 5,
    "command": "",
    "directory": "/",
    "cpu": 0,
    "rss": 0,
    "listen_sockets": []
  },
  {
    "pid": 26,
    "stime": 0,
    "rtime": 5,
    "command": "",
    "directory": "/",
    "cpu": 0,
    "rss": 0,
    "listen_sockets": []
  },
  {
    "pid": 27,
    "stime": 0,
    "rtime": 5,
    "command": "",
    "directory": "/",
    "cpu": 0,
    "rss": 0,
    "listen_sockets": []
  },
  {
    "pid": 28,
    "stime": 0,
    "rtime": 5,
    "command": "",
    "directory": "/",
    "cpu": 0,
    "rss": 0,
    "listen_sockets": []
  },
  {
    "pid": 29,
    "stime": 0,
    "rtime": 5,
    "command": "",
    "directory": "/",
    "cpu": 0,
    "rss": 0,
    "listen_sockets": []
  },
  {
    "pid": 30,
    "stime": 0,
    "rtime": 5,
    "command": "",
    "directory": "/",
    "cpu": 0,
    "rss": 0,
    "listen_sockets": []
  },
  {
    "pid": 31,
    "stime": 0,
    "rtime": 5,
    "command": "",
    "directory": "/",
    "cpu": 0,
    "rss": 0,
    "listen_sockets": []
  },
  {
    "pid": 32,
    "stime": 0,
    "rtime": 5,
    "command": "",
    "directory": "/",
    "cpu": 0,
    "rss": 0,
    "listen_sockets": []
  },
  {
    "pid": 33,
    "stime": 0,
    "rtime": 5,
    "command": "",
    "directory": "/",
    "cpu": 0,
    "rss": 0,
    "listen_sockets": []
  },
  {
    "pid": 34,
    "stime": 0,
    "rtime": 5,
    "command": "",
    "directory": "/",
    "cpu": 0,
    "rss": 0,
    "listen_sockets": []
  },
  {
    "pid": 35,
    "stime": 0,
    "rtime": 5,
    "command": "",
    "directory": "/",
    "cpu": 0,
    "rss": 0,
    "listen_sockets": []
  },
  {
    "pid": 36,
    "stime": 0,
    "rtime": 5,
    "command": "",
    "directory": "/",
    "cpu": 0,
    "rss": 0,
    "listen_sockets": []
  },
  {
    "pid": 37,
    "stime": 0,
    "rtime": 5,
    "command": "",
    "directory": "/",
    "cpu": 0,
    "rss": 0,
    "listen_sockets": []
  },
  {
    "pid": 38,
    "stime": 0,
    "rtime": 5,
    "command": "",
    "directory": "/",
    "cpu": 0,
    "rss": 0,
    "listen_sockets": []
  },
  {
    "pid": 39,
    "stime": 0,
    "rtime": 5,
    "command": "",
    "directory": "/",
    "cpu": 0,
    "rss": 0,
    "listen_sockets": []
  },
  {
    "pid": 40,
    "stime": 0,
    "rtime": 5,
    "command": "",
    "directory": "/",
    "cpu": 0,
    "rss": 0,
    "listen_sockets": []
  },
  {
    "pid": 46,
    "stime": 0,
    "rtime": 5,
    "command": "",
    "directory": "/",
    "cpu": 0,
    "rss": 0,
    "listen_sockets": []
  },
  {
    "pid": 68,
    "stime": 0,
    "rtime": 5,
    "command": "",
    "directory": "/",
    "cpu": 0,
    "rss": 0,
    "listen_sockets": []
  },
  {
    "pid": 72,
    "stime": 0,
    "rtime": 5,
    "command": "",
    "directory": "/",
    "cpu": 0,
    "rss": 0,
    "listen_sockets": []
  },
  {
    "pid": 104,
    "stime": 0,
    "rtime": 5,
    "command": "",
    "directory": "/",
    "cpu": 0,
    "rss": 0,
    "listen_sockets": []
  },
  {
    "pid": 145,
    "stime": 0,
    "rtime": 5,
    "command": "",
    "directory": "/",
    "cpu": 0,
    "rss": 0,
    "listen_sockets": []
  },
  {
    "pid": 146,
    "stime": 0,
    "rtime": 5,
    "command": "",
    "directory": "/",
    "cpu": 0,
    "rss": 0,
    "listen_sockets": []
  },
  {
    "pid": 147,
    "stime": 0,
    "rtime": 5,
    "command": "",
    "directory": "/",
    "cpu": 0,
    "rss": 0,
    "listen_sockets": []
  },
  {
    "pid": 150,
    "stime": 0,
    "rtime": 5,
    "command": "",
    "directory": "/",
    "cpu": 0,
    "rss": 0,
    "listen_sockets": []
  },
  {
    "pid": 155,
    "stime": 0,
    "rtime": 5,
    "command": "",
    "directory": "/",
    "cpu": 0,
    "rss": 0,
    "listen_sockets": []
  },
  {
    "pid": 158,
    "stime": 0,
    "rtime": 5,
    "command": "",
    "directory": "/",
    "cpu": 0,
    "rss": 0,
    "listen_sockets": []
  },
  {
    "pid": 161,
    "stime": 0,
    "rtime": 5,
    "command": "",
    "directory": "/",
    "cpu": 0,
    "rss": 0,
    "listen_sockets": []
  },
  {
    "pid": 162,
    "stime": 0,
    "rtime": 5,
    "command": "",
    "directory": "/",
    "cpu": 0,
    "rss": 0,
    "listen_sockets": []
  },
  {
    "pid": 165,
    "stime": 0,
    "rtime": 5,
    "command": "",
    "directory": "/",
    "cpu": 0,
    "rss": 0,
    "listen_sockets": []
  },
  {
    "pid": 168,
    "stime": 0,
    "rtime": 5,
    "command": "",
    "directory": "/",
    "cpu": 0,
    "rss": 0,
    "listen_sockets": []
  },
  {
    "pid": 171,
    "stime": 0,
    "rtime": 5,
    "command": "",
    "directory": "/",
    "cpu": 0,
    "rss": 0,
    "listen_sockets": []
  },
  {
    "pid": 174,
    "stime": 0,
    "rtime": 5,
    "command": "",
    "directory": "/",
    "cpu": 0,
    "rss": 0,
    "listen_sockets": []
  },
  {
    "pid": 177,
    "stime": 0,
    "rtime": 5,
    "command": "",
    "directory": "/",
    "cpu": 0,
    "rss": 0,
    "listen_sockets": []
  },
  {
    "pid": 182,
    "stime": 0,
    "rtime": 5,
    "command": "",
    "directory": "/",
    "cpu": 0,
    "rss": 0,
    "listen_sockets": []
  },
  {
    "pid": 185,
    "stime": 0,
    "rtime": 5,
    "command": "",
    "directory": "/",
    "cpu": 0,
    "rss": 0,
    "listen_sockets": []
  },
  {
    "pid": 186,
    "stime": 0,
    "rtime": 5,
    "command": "",
    "directory": "/",
    "cpu": 0,
    "rss": 0,
    "listen_sockets": []
  },
  {
    "pid": 189,
    "stime": 0,
    "rtime": 5,
    "command": "",
    "directory": "/",
    "cpu": 0,
    "rss": 0,
    "listen_sockets": []
  },
  {
    "pid": 197,
    "stime": 0,
    "rtime": 5,
    "command": "",
    "directory": "/",
    "cpu": 0,
    "rss": 0,
    "listen_sockets": []
  },
  {
    "pid": 202,
    "stime": 0,
    "rtime": 5,
    "command": "",
    "directory": "/",
    "cpu": 0,
    "rss": 0,
    "listen_sockets": []
  },
  {
    "pid": 226,
    "stime": 0,
    "rtime": 5,
    "command": "",
    "directory": "/",
    "cpu": 0,
    "rss": 0,
    "listen_sockets": []
  },
  {
    "pid": 238,
    "stime": 0,
    "rtime": 5,
    "command": "",
    "directory": "/",
    "cpu": 0,
    "rss": 0,
    "listen_sockets": []
  },
  {
    "pid": 241,
    "stime": 0,
    "rtime": 5,
    "command": "",
    "directory": "/",
    "cpu": 0,
    "rss": 0,
    "listen_sockets": []
  },
  {
    "pid": 252,
    "stime": 0,
    "rtime": 5,
    "command": "",
    "directory": "/",
    "cpu": 0,
    "rss": 0,
    "listen_sockets": []
  },
  {
    "pid": 253,
    "stime": 0,
    "rtime": 5,
    "command": "",
    "directory": "/",
    "cpu": 0,
    "rss": 0,
    "listen_sockets": []
  },
  {
    "pid": 260,
    "stime": 0,
    "rtime": 5,
    "command": "",
    "directory": "/",
    "cpu": 0,
    "rss": 0,
    "listen_sockets": []
  },
  {
    "pid": 261,
    "stime": 0,
    "rtime": 5,
    "command": "",
    "directory": "/",
    "cpu": 0,
    "rss": 0,
    "listen_sockets": []
  },
  {
    "pid": 555,
    "stime": 0,
    "rtime": 5,
    "command": "",
    "directory": "/",
    "cpu": 0,
    "rss": 0,
    "listen_sockets": []
  },
  {
    "pid": 621,
    "stime": 0,
    "rtime": 5,
    "command": "",
    "directory": "/",
    "cpu": 0,
    "rss": 0,
    "listen_sockets": []
  },
  {
    "pid": 622,
    "stime": 0,
    "rtime": 5,
    "command": "",
    "directory": "/",
    "cpu": 0,
    "rss": 0,
    "listen_sockets": []
  },
  {
    "pid": 623,
    "stime": 0,
    "rtime": 5,
    "command": "",
    "directory": "/",
    "cpu": 0,
    "rss": 0,
    "listen_sockets": []
  },
  {
    "pid": 624,
    "stime": 0,
    "rtime": 5,
    "command": "",
    "directory": "/",
    "cpu": 0,
    "rss": 0,
    "listen_sockets": []
  },
  {
    "pid": 625,
    "stime": 0,
    "rtime": 5,
    "command": "",
    "directory": "/",
    "cpu": 0,
    "rss": 0,
    "listen_sockets": []
  },
  {
    "pid": 630,
    "stime": 0,
    "rtime": 5,
    "command": "/.fly/hallpass",
    "directory": "/app",
    "cpu": 0,
    "rss": 19800064,
    "listen_sockets": [
      {
        "proto": "tcp",
        "address": "[fdaa:24:e40a:a7b:4e5:4a4d:1273:2]:22"
      }
    ]
  },
  {
    "pid": 631,
    "stime": 0,
    "rtime": 5,
    "command": "python3 boot.py",
    "directory": "/app",
    "cpu": 0,
    "rss": 10571776,
    "listen_sockets": []
  },
  {
    "pid": 638,
    "stime": 1,
    "rtime": 4,
    "command": "node /usr/bin/yarn build",
    "directory": "/app/frontend",
    "cpu": 0,
    "rss": 91250688,
    "listen_sockets": []
  },
  {
    "pid": 651,
    "stime": 1,
    "rtime": 4,
    "command": "/bin/sh -c craco build",
    "directory": "/app/frontend",
    "cpu": 0,
    "rss": 1556480,
    "listen_sockets": []
  },
  {
    "pid": 652,
    "stime": 1,
    "rtime": 4,
    "command": "/usr/bin/node /app/frontend/node_modules/.bin/craco build",
    "directory": "/app/frontend",
    "cpu": 0,
    "rss": 46739456,
    "listen_sockets": []
  },
  {
    "pid": 659,
    "stime": 1,
    "rtime": 4,
    "command": "/usr/bin/node /app/frontend/node_modules/@craco/craco/dist/scripts/build.js",
    "directory": "/app/frontend",
    "cpu": 50,
    "rss": 127483904,
    "listen_sockets": []
  }
]


DEBUG --> DELETE https://api.machines.dev/v1/apps/viral-daily-oriol-2025-fresh/machines/683996ec797258/lease

DEBUG <-- 200 https://api.machines.dev/v1/apps/viral-daily-oriol-2025-fresh/machines/683996ec797258/lease (37.41ms)

DEBUG {
  "status": "success",
  "data": {
    "ok": true
  }
}


DEBUG --> POST https://api.machines.dev/v1/apps/viral-daily-oriol-2025-fresh/machines

DEBUG {
  "config": {
    "env": {
      "FLY_PROCESS_GROUP": "app",
      "PRIMARY_REGION": "cdg"
    },
    "init": {},
    "guest": {
      "cpu_kind": "shared",
      "cpus": 1,
      "memory_mb": 1024
    },
    "metadata": {
      "fly_flyctl_version": "0.3.166",
      "fly_platform_version": "v2",
      "fly_process_group": "app",
      "fly_release_id": "6DeM8g9BBOqeQF4J98YLzqVeR",
      "fly_release_version": "1"
    },
    "services": [
      {
        "protocol": "tcp",
        "internal_port": 8001,
        "autostop": true,
        "autostart": true,
        "min_machines_running": 0,
        "ports": [
          {
            "port": 80,
            "handlers": [
              "http"
            ],
            "force_https": true
          },
          {
            "port": 443,
            "handlers": [
              "http",
              "tls"
            ]
          }
        ],
        "force_instance_key": null
      }
    ],
    "image": "registry.fly.io/viral-daily-oriol-2025-fresh:deployment-01K207DHXXPCBBJTBZ9Q4RK9ZD"
  },
  "region": "cdg",
  "lease_ttl": 300
}

DEBUG {0x14000dba180}
DEBUG <-- 200 https://api.machines.dev/v1/apps/viral-daily-oriol-2025-fresh/machines (14.93s)

DEBUG {
  "id": "4d89663eb12e78",
  "name": "restless-forest-7425",
  "state": "created",
  "region": "cdg",
  "instance_id": "01K207GSBCRD26TM9GJ6GA5TX9",
  "private_ip": "fdaa:24:e40a:a7b:4e7:74eb:81b7:2",
  "config": {
    "env": {
      "FLY_PROCESS_GROUP": "app",
      "PRIMARY_REGION": "cdg"
    },
    "init": {},
    "guest": {
      "cpu_kind": "shared",
      "cpus": 1,
      "memory_mb": 1024
    },
    "metadata": {
      "fly_flyctl_version": "0.3.166",
      "fly_platform_version": "v2",
      "fly_process_group": "app",
      "fly_release_id": "6DeM8g9BBOqeQF4J98YLzqVeR",
      "fly_release_version": "1"
    },
    "services": [
      {
        "protocol": "tcp",
        "internal_port": 8001,
        "autostop": true,
        "autostart": true,
        "min_machines_running": 0,
        "ports": [
          {
            "port": 80,
            "handlers": [
              "http"
            ],
            "force_https": true
          },
          {
            "port": 443,
            "handlers": [
              "http",
              "tls"
            ]
          }
        ],
        "force_instance_key": null
      }
    ],
    "image": "registry.fly.io/viral-daily-oriol-2025-fresh:deployment-01K207DHXXPCBBJTBZ9Q4RK9ZD",
    "restart": {
      "policy": "on-failure",
      "max_retries": 10
    }
  },
  "incomplete_config": null,
  "image_ref": {
    "registry": "registry.fly.io",
    "repository": "viral-daily-oriol-2025-fresh",
    "tag": "deployment-01K207DHXXPCBBJTBZ9Q4RK9ZD",
    "digest": "sha256:64bc4c629bca2e099987b0dc186c6e6927d4e3ee0caa586f401c88280c9c109c",
    "labels": null
  },
  "created_at": "2025-08-06T17:40:30Z",
  "updated_at": "2025-08-06T17:40:30Z",
  "events": [
    {
      "id": "01K207GSCNZ4Y67J8G6KD4R5P5",
      "type": "launch",
      "status": "created",
      "source": "user",
      "timestamp": 1754502030741
    }
  ],
  "host_status": "ok",
  "nonce": "2515fc949dde"
}


DEBUG --> GET https://api.machines.dev/v1/apps/viral-daily-oriol-2025-fresh/machines/4d89663eb12e78

DEBUG <-- 200 https://api.machines.dev/v1/apps/viral-daily-oriol-2025-fresh/machines/4d89663eb12e78 (43.82ms)

DEBUG {
  "id": "4d89663eb12e78",
  "name": "restless-forest-7425",
  "state": "created",
  "region": "cdg",
  "instance_id": "01K207GSBCRD26TM9GJ6GA5TX9",
  "private_ip": "fdaa:24:e40a:a7b:4e7:74eb:81b7:2",
  "config": {
    "env": {
      "FLY_PROCESS_GROUP": "app",
      "PRIMARY_REGION": "cdg"
    },
    "init": {},
    "guest": {
      "cpu_kind": "shared",
      "cpus": 1,
      "memory_mb": 1024
    },
    "metadata": {
      "fly_flyctl_version": "0.3.166",
      "fly_platform_version": "v2",
      "fly_process_group": "app",
      "fly_release_id": "6DeM8g9BBOqeQF4J98YLzqVeR",
      "fly_release_version": "1"
    },
    "services": [
      {
        "protocol": "tcp",
        "internal_port": 8001,
        "autostop": true,
        "autostart": true,
        "min_machines_running": 0,
        "ports": [
          {
            "port": 80,
            "handlers": [
              "http"
            ],
            "force_https": true
          },
          {
            "port": 443,
            "handlers": [
              "http",
              "tls"
            ]
          }
        ],
        "force_instance_key": null
      }
    ],
    "image": "registry.fly.io/viral-daily-oriol-2025-fresh:deployment-01K207DHXXPCBBJTBZ9Q4RK9ZD",
    "restart": {
      "policy": "on-failure",
      "max_retries": 10
    }
  },
  "incomplete_config": null,
  "image_ref": {
    "registry": "registry.fly.io",
    "repository": "viral-daily-oriol-2025-fresh",
    "tag": "deployment-01K207DHXXPCBBJTBZ9Q4RK9ZD",
    "digest": "sha256:64bc4c629bca2e099987b0dc186c6e6927d4e3ee0caa586f401c88280c9c109c",
    "labels": null
  },
  "created_at": "2025-08-06T17:40:30Z",
  "updated_at": "2025-08-06T17:40:30Z",
  "events": [
    {
      "id": "01K207GSCNZ4Y67J8G6KD4R5P5",
      "type": "launch",
      "status": "created",
      "source": "user",
      "timestamp": 1754502030741
    }
  ],
  "host_status": "ok"
}


DEBUG --> GET https://api.machines.dev/v1/apps/viral-daily-oriol-2025-fresh/machines/4d89663eb12e78

DEBUG <-- 200 https://api.machines.dev/v1/apps/viral-daily-oriol-2025-fresh/machines/4d89663eb12e78 (46.44ms)

DEBUG {
  "id": "4d89663eb12e78",
  "name": "restless-forest-7425",
  "state": "created",
  "region": "cdg",
  "instance_id": "01K207GSBCRD26TM9GJ6GA5TX9",
  "private_ip": "fdaa:24:e40a:a7b:4e7:74eb:81b7:2",
  "config": {
    "env": {
      "FLY_PROCESS_GROUP": "app",
      "PRIMARY_REGION": "cdg"
    },
    "init": {},
    "guest": {
      "cpu_kind": "shared",
      "cpus": 1,
      "memory_mb": 1024
    },
    "metadata": {
      "fly_flyctl_version": "0.3.166",
      "fly_platform_version": "v2",
      "fly_process_group": "app",
      "fly_release_id": "6DeM8g9BBOqeQF4J98YLzqVeR",
      "fly_release_version": "1"
    },
    "services": [
      {
        "protocol": "tcp",
        "internal_port": 8001,
        "autostop": true,
        "autostart": true,
        "min_machines_running": 0,
        "ports": [
          {
            "port": 80,
            "handlers": [
              "http"
            ],
            "force_https": true
          },
          {
            "port": 443,
            "handlers": [
              "http",
              "tls"
            ]
          }
        ],
        "force_instance_key": null
      }
    ],
    "image": "registry.fly.io/viral-daily-oriol-2025-fresh:deployment-01K207DHXXPCBBJTBZ9Q4RK9ZD",
    "restart": {
      "policy": "on-failure",
      "max_retries": 10
    }
  },
  "incomplete_config": null,
  "image_ref": {
    "registry": "registry.fly.io",
    "repository": "viral-daily-oriol-2025-fresh",
    "tag": "deployment-01K207DHXXPCBBJTBZ9Q4RK9ZD",
    "digest": "sha256:64bc4c629bca2e099987b0dc186c6e6927d4e3ee0caa586f401c88280c9c109c",
    "labels": null
  },
  "created_at": "2025-08-06T17:40:30Z",
  "updated_at": "2025-08-06T17:40:30Z",
  "events": [
    {
      "id": "01K207GSCNZ4Y67J8G6KD4R5P5",
      "type": "launch",
      "status": "created",
      "source": "user",
      "timestamp": 1754502030741
    }
  ],
  "host_status": "ok"
}


DEBUG --> GET https://api.machines.dev/v1/apps/viral-daily-oriol-2025-fresh/machines/4d89663eb12e78

DEBUG <-- 200 https://api.machines.dev/v1/apps/viral-daily-oriol-2025-fresh/machines/4d89663eb12e78 (51.31ms)

DEBUG {
  "id": "4d89663eb12e78",
  "name": "restless-forest-7425",
  "state": "created",
  "region": "cdg",
  "instance_id": "01K207GSBCRD26TM9GJ6GA5TX9",
  "private_ip": "fdaa:24:e40a:a7b:4e7:74eb:81b7:2",
  "config": {
    "env": {
      "FLY_PROCESS_GROUP": "app",
      "PRIMARY_REGION": "cdg"
    },
    "init": {},
    "guest": {
      "cpu_kind": "shared",
      "cpus": 1,
      "memory_mb": 1024
    },
    "metadata": {
      "fly_flyctl_version": "0.3.166",
      "fly_platform_version": "v2",
      "fly_process_group": "app",
      "fly_release_id": "6DeM8g9BBOqeQF4J98YLzqVeR",
      "fly_release_version": "1"
    },
    "services": [
      {
        "protocol": "tcp",
        "internal_port": 8001,
        "autostop": true,
        "autostart": true,
        "min_machines_running": 0,
        "ports": [
          {
            "port": 80,
            "handlers": [
              "http"
            ],
            "force_https": true
          },
          {
            "port": 443,
            "handlers": [
              "http",
              "tls"
            ]
          }
        ],
        "force_instance_key": null
      }
    ],
    "image": "registry.fly.io/viral-daily-oriol-2025-fresh:deployment-01K207DHXXPCBBJTBZ9Q4RK9ZD",
    "restart": {
      "policy": "on-failure",
      "max_retries": 10
    }
  },
  "incomplete_config": null,
  "image_ref": {
    "registry": "registry.fly.io",
    "repository": "viral-daily-oriol-2025-fresh",
    "tag": "deployment-01K207DHXXPCBBJTBZ9Q4RK9ZD",
    "digest": "sha256:64bc4c629bca2e099987b0dc186c6e6927d4e3ee0caa586f401c88280c9c109c",
    "labels": null
  },
  "created_at": "2025-08-06T17:40:30Z",
  "updated_at": "2025-08-06T17:40:30Z",
  "events": [
    {
      "id": "01K207GSCNZ4Y67J8G6KD4R5P5",
      "type": "launch",
      "status": "created",
      "source": "user",
      "timestamp": 1754502030741
    }
  ],
  "host_status": "ok"
}


DEBUG --> GET https://api.machines.dev/v1/apps/viral-daily-oriol-2025-fresh/machines/4d89663eb12e78

DEBUG <-- 200 https://api.machines.dev/v1/apps/viral-daily-oriol-2025-fresh/machines/4d89663eb12e78 (35.84ms)

DEBUG {
  "id": "4d89663eb12e78",
  "name": "restless-forest-7425",
  "state": "created",
  "region": "cdg",
  "instance_id": "01K207GSBCRD26TM9GJ6GA5TX9",
  "private_ip": "fdaa:24:e40a:a7b:4e7:74eb:81b7:2",
  "config": {
    "env": {
      "FLY_PROCESS_GROUP": "app",
      "PRIMARY_REGION": "cdg"
    },
    "init": {},
    "guest": {
      "cpu_kind": "shared",
      "cpus": 1,
      "memory_mb": 1024
    },
    "metadata": {
      "fly_flyctl_version": "0.3.166",
      "fly_platform_version": "v2",
      "fly_process_group": "app",
      "fly_release_id": "6DeM8g9BBOqeQF4J98YLzqVeR",
      "fly_release_version": "1"
    },
    "services": [
      {
        "protocol": "tcp",
        "internal_port": 8001,
        "autostop": true,
        "autostart": true,
        "min_machines_running": 0,
        "ports": [
          {
            "port": 80,
            "handlers": [
              "http"
            ],
            "force_https": true
          },
          {
            "port": 443,
            "handlers": [
              "http",
              "tls"
            ]
          }
        ],
        "force_instance_key": null
      }
    ],
    "image": "registry.fly.io/viral-daily-oriol-2025-fresh:deployment-01K207DHXXPCBBJTBZ9Q4RK9ZD",
    "restart": {
      "policy": "on-failure",
      "max_retries": 10
    }
  },
  "incomplete_config": null,
  "image_ref": {
    "registry": "registry.fly.io",
    "repository": "viral-daily-oriol-2025-fresh",
    "tag": "deployment-01K207DHXXPCBBJTBZ9Q4RK9ZD",
    "digest": "sha256:64bc4c629bca2e099987b0dc186c6e6927d4e3ee0caa586f401c88280c9c109c",
    "labels": null
  },
  "created_at": "2025-08-06T17:40:30Z",
  "updated_at": "2025-08-06T17:40:30Z",
  "events": [
    {
      "id": "01K207GSCNZ4Y67J8G6KD4R5P5",
      "type": "launch",
      "status": "created",
      "source": "user",
      "timestamp": 1754502030741
    }
  ],
  "host_status": "ok"
}


DEBUG --> GET https://api.machines.dev/v1/apps/viral-daily-oriol-2025-fresh/machines/4d89663eb12e78

DEBUG <-- 200 https://api.machines.dev/v1/apps/viral-daily-oriol-2025-fresh/machines/4d89663eb12e78 (45.88ms)

DEBUG {
  "id": "4d89663eb12e78",
  "name": "restless-forest-7425",
  "state": "created",
  "region": "cdg",
  "instance_id": "01K207GSBCRD26TM9GJ6GA5TX9",
  "private_ip": "fdaa:24:e40a:a7b:4e7:74eb:81b7:2",
  "config": {
    "env": {
      "FLY_PROCESS_GROUP": "app",
      "PRIMARY_REGION": "cdg"
    },
    "init": {},
    "guest": {
      "cpu_kind": "shared",
      "cpus": 1,
      "memory_mb": 1024
    },
    "metadata": {
      "fly_flyctl_version": "0.3.166",
      "fly_platform_version": "v2",
      "fly_process_group": "app",
      "fly_release_id": "6DeM8g9BBOqeQF4J98YLzqVeR",
      "fly_release_version": "1"
    },
    "services": [
      {
        "protocol": "tcp",
        "internal_port": 8001,
        "autostop": true,
        "autostart": true,
        "min_machines_running": 0,
        "ports": [
          {
            "port": 80,
            "handlers": [
              "http"
            ],
            "force_https": true
          },
          {
            "port": 443,
            "handlers": [
              "http",
              "tls"
            ]
          }
        ],
        "force_instance_key": null
      }
    ],
    "image": "registry.fly.io/viral-daily-oriol-2025-fresh:deployment-01K207DHXXPCBBJTBZ9Q4RK9ZD",
    "restart": {
      "policy": "on-failure",
      "max_retries": 10
    }
  },
  "incomplete_config": null,
  "image_ref": {
    "registry": "registry.fly.io",
    "repository": "viral-daily-oriol-2025-fresh",
    "tag": "deployment-01K207DHXXPCBBJTBZ9Q4RK9ZD",
    "digest": "sha256:64bc4c629bca2e099987b0dc186c6e6927d4e3ee0caa586f401c88280c9c109c",
    "labels": null
  },
  "created_at": "2025-08-06T17:40:30Z",
  "updated_at": "2025-08-06T17:40:30Z",
  "events": [
    {
      "id": "01K207GSCNZ4Y67J8G6KD4R5P5",
      "type": "launch",
      "status": "created",
      "source": "user",
      "timestamp": 1754502030741
    }
  ],
  "host_status": "ok"
}


DEBUG --> GET https://api.machines.dev/v1/apps/viral-daily-oriol-2025-fresh/machines/4d89663eb12e78

DEBUG <-- 200 https://api.machines.dev/v1/apps/viral-daily-oriol-2025-fresh/machines/4d89663eb12e78 (47.35ms)

DEBUG {
  "id": "4d89663eb12e78",
  "name": "restless-forest-7425",
  "state": "created",
  "region": "cdg",
  "instance_id": "01K207GSBCRD26TM9GJ6GA5TX9",
  "private_ip": "fdaa:24:e40a:a7b:4e7:74eb:81b7:2",
  "config": {
    "env": {
      "FLY_PROCESS_GROUP": "app",
      "PRIMARY_REGION": "cdg"
    },
    "init": {},
    "guest": {
      "cpu_kind": "shared",
      "cpus": 1,
      "memory_mb": 1024
    },
    "metadata": {
      "fly_flyctl_version": "0.3.166",
      "fly_platform_version": "v2",
      "fly_process_group": "app",
      "fly_release_id": "6DeM8g9BBOqeQF4J98YLzqVeR",
      "fly_release_version": "1"
    },
    "services": [
      {
        "protocol": "tcp",
        "internal_port": 8001,
        "autostop": true,
        "autostart": true,
        "min_machines_running": 0,
        "ports": [
          {
            "port": 80,
            "handlers": [
              "http"
            ],
            "force_https": true
          },
          {
            "port": 443,
            "handlers": [
              "http",
              "tls"
            ]
          }
        ],
        "force_instance_key": null
      }
    ],
    "image": "registry.fly.io/viral-daily-oriol-2025-fresh:deployment-01K207DHXXPCBBJTBZ9Q4RK9ZD",
    "restart": {
      "policy": "on-failure",
      "max_retries": 10
    }
  },
  "incomplete_config": null,
  "image_ref": {
    "registry": "registry.fly.io",
    "repository": "viral-daily-oriol-2025-fresh",
    "tag": "deployment-01K207DHXXPCBBJTBZ9Q4RK9ZD",
    "digest": "sha256:64bc4c629bca2e099987b0dc186c6e6927d4e3ee0caa586f401c88280c9c109c",
    "labels": null
  },
  "created_at": "2025-08-06T17:40:30Z",
  "updated_at": "2025-08-06T17:40:30Z",
  "events": [
    {
      "id": "01K207GSCNZ4Y67J8G6KD4R5P5",
      "type": "launch",
      "status": "created",
      "source": "user",
      "timestamp": 1754502030741
    }
  ],
  "host_status": "ok"
}


DEBUG --> GET https://api.machines.dev/v1/apps/viral-daily-oriol-2025-fresh/machines/4d89663eb12e78

DEBUG <-- 200 https://api.machines.dev/v1/apps/viral-daily-oriol-2025-fresh/machines/4d89663eb12e78 (47.65ms)

DEBUG {
  "id": "4d89663eb12e78",
  "name": "restless-forest-7425",
  "state": "created",
  "region": "cdg",
  "instance_id": "01K207GSBCRD26TM9GJ6GA5TX9",
  "private_ip": "fdaa:24:e40a:a7b:4e7:74eb:81b7:2",
  "config": {
    "env": {
      "FLY_PROCESS_GROUP": "app",
      "PRIMARY_REGION": "cdg"
    },
    "init": {},
    "guest": {
      "cpu_kind": "shared",
      "cpus": 1,
      "memory_mb": 1024
    },
    "metadata": {
      "fly_flyctl_version": "0.3.166",
      "fly_platform_version": "v2",
      "fly_process_group": "app",
      "fly_release_id": "6DeM8g9BBOqeQF4J98YLzqVeR",
      "fly_release_version": "1"
    },
    "services": [
      {
        "protocol": "tcp",
        "internal_port": 8001,
        "autostop": true,
        "autostart": true,
        "min_machines_running": 0,
        "ports": [
          {
            "port": 80,
            "handlers": [
              "http"
            ],
            "force_https": true
          },
          {
            "port": 443,
            "handlers": [
              "http",
              "tls"
            ]
          }
        ],
        "force_instance_key": null
      }
    ],
    "image": "registry.fly.io/viral-daily-oriol-2025-fresh:deployment-01K207DHXXPCBBJTBZ9Q4RK9ZD",
    "restart": {
      "policy": "on-failure",
      "max_retries": 10
    }
  },
  "incomplete_config": null,
  "image_ref": {
    "registry": "registry.fly.io",
    "repository": "viral-daily-oriol-2025-fresh",
    "tag": "deployment-01K207DHXXPCBBJTBZ9Q4RK9ZD",
    "digest": "sha256:64bc4c629bca2e099987b0dc186c6e6927d4e3ee0caa586f401c88280c9c109c",
    "labels": null
  },
  "created_at": "2025-08-06T17:40:30Z",
  "updated_at": "2025-08-06T17:40:30Z",
  "events": [
    {
      "id": "01K207GSCNZ4Y67J8G6KD4R5P5",
      "type": "launch",
      "status": "created",
      "source": "user",
      "timestamp": 1754502030741
    }
  ],
  "host_status": "ok"
}


DEBUG --> GET https://api.machines.dev/v1/apps/viral-daily-oriol-2025-fresh/machines/4d89663eb12e78

DEBUG --> GET https://api.machines.dev/v1/apps/viral-daily-oriol-2025-fresh/machines/4d89663eb12e78/wait?instance_id=01K207GSBCRD26TM9GJ6GA5TX9&state=started&timeout=60

DEBUG --> POST https://api.fly.io/graphql

DEBUG {
  "query": "query($admin: Boolean!) { organizations(admin: $admin) { nodes { id slug rawSlug name type paidPlan billable viewerRole internalNumericId } } }",
  "variables": {
    "admin": false
  }
}


DEBUG {}
DEBUG <-- 200 https://api.fly.io/graphql (241.18ms)

DEBUG {
  "data": {
    "organizations": {
      "nodes": [
        {
          "id": "YJAZL8pwnmAYbTlNOp6KxGDjAKhBLVb8K",
          "slug": "personal",
          "rawSlug": "oct-oct",
          "name": "Oct Oct",
          "type": "PERSONAL",
          "paidPlan": true,
          "billable": true,
          "viewerRole": "admin",
          "internalNumericId": "1213612"
        }
      ]
    }
  }
}

DEBUG <-- 200 https://api.machines.dev/v1/apps/viral-daily-oriol-2025-fresh/machines/4d89663eb12e78/wait?instance_id=01K207GSBCRD26TM9GJ6GA5TX9&state=started&timeout=60 (7.1s)

DEBUG {
  "ok": true
}

DEBUG --> DELETE https://api.machines.dev/v1/apps/viral-daily-oriol-2025-fresh/machines/4d89663eb12e78/lease

DEBUG <-- 200 https://api.machines.dev/v1/apps/viral-daily-oriol-2025-fresh/machines/4d89663eb12e78/lease (42.08ms)

DEBUG {
  "status": "success",
  "data": {
    "ok": true
  }
}


DEBUG --> POST https://api.fly.io/graphql

DEBUG {
  "query": "\nmutation UpdateRelease ($input: UpdateReleaseInput!) {\n\tupdateRelease(input: $input) {\n\t\trelease {\n\t\t\tid\n\t\t}\n\t}\n}\n",
  "variables": {
    "input": {
      "clientMutationId": "",
      "metadata": {
        "post_deployment_info": {
          "flyctl_version": "0.3.166",
          "error": ""
        }
      },
      "releaseId": "6DeM8g9BBOqeQF4J98YLzqVeR",
      "status": "complete"
    }
  },
  "operationName": "UpdateRelease"
}

DEBUG {0x14000d94420}
DEBUG <-- 200 https://api.fly.io/graphql (201.71ms)

DEBUG {
  "data": {
    "updateRelease": {
      "release": {
        "id": "6DeM8g9BBOqeQF4J98YLzqVeR"
      }
    }
  }
}

DEBUG --> POST https://api.fly.io/graphql

DEBUG {
  "query": "query ($appName: String!) { app(name: $appName) { ipAddresses { nodes { id address type region createdAt network { name organization { slug } } serviceName } } sharedIpAddress } }",
  "variables": {
    "appName": "viral-daily-oriol-2025-fresh"
  }
}


DEBUG {}
DEBUG <-- 200 https://api.fly.io/graphql (166.81ms)

DEBUG {
  "data": {
    "app": {
      "sharedIpAddress": "66.241.125.181",
      "ipAddresses": {
        "nodes": [
          {
            "id": "ip_degn1rm6qvw235om",
            "address": "2a09:8280:1::8d:3c15:0",
            "type": "v6",
            "region": "global",
            "createdAt": "2025-08-06T17:39:39Z",
            "network": null,
            "serviceName": null
          }
        ]
      }
    }
  }
}

DEBUG --> POST https://api.fly.io/graphql

DEBUG {
  "query": "query($admin: Boolean!) { organizations(admin: $admin) { nodes { id slug rawSlug name type paidPlan billable viewerRole internalNumericId } } }",
  "variables": {
    "admin": false
  }
}


DEBUG {}
DEBUG <-- 200 https://api.fly.io/graphql (335.32ms)

DEBUG {
  "data": {
    "organizations": {
      "nodes": [
        {
          "id": "YJAZL8pwnmAYbTlNOp6KxGDjAKhBLVb8K",
          "slug": "personal",
          "rawSlug": "oct-oct",
          "name": "Oct Oct",
          "type": "PERSONAL",
          "paidPlan": true,
          "billable": true,
          "viewerRole": "admin",
          "internalNumericId": "1213612"
        }
      ]
    }
  }
}

WARN DNS checks failed: expected 1 AAAA records for viral-daily-oriol-2025-fresh.fly.dev., got 0

DEBUG Task manager done
DEBUG done monitoring tokens
DEBUG querying for statuspage incidents resulted to &{[]}
DEBUG querying for host issues resulted to []
